<?xml version="1.0" encoding="UTF-8"?>
<testng-results ignored="0" total="1" passed="1" failed="0" skipped="0">
  <reporter-output>
  </reporter-output>
  <suite started-at="2024-02-05T21:19:00 IST" name="Leaf_SelectTool" finished-at="2024-02-05T21:19:16 IST" duration-ms="15710">
    <groups>
    </groups>
    <test started-at="2024-02-05T21:19:00 IST" name="TC_004_Leaf_SelectTool" finished-at="2024-02-05T21:19:16 IST" duration-ms="15710">
      <class name="com.framework.leafScripts.TC_004_Leaf_SelectTool">
        <test-method is-config="true" signature="openBrowser(java.lang.String)[pri:0, instance:com.framework.leafScripts.TC_004_Leaf_SelectTool@4b520ea8]" started-at="2024-02-05T21:19:00 IST" name="openBrowser" finished-at="2024-02-05T21:19:03 IST" duration-ms="3161" status="PASS">
          <params>
            <param index="0">
              <value>
                <![CDATA[chrome]]>
              </value>
            </param>
          </params>
          <reporter-output>
          </reporter-output>
        </test-method> <!-- openBrowser -->
        <test-method signature="tc_004_Leaf_SelectTool()[pri:0, instance:com.framework.leafScripts.TC_004_Leaf_SelectTool@4b520ea8]" started-at="2024-02-05T21:19:03 IST" name="tc_004_Leaf_SelectTool" finished-at="2024-02-05T21:19:13 IST" duration-ms="9390" status="PASS">
          <reporter-output>
          </reporter-output>
        </test-method> <!-- tc_004_Leaf_SelectTool -->
        <test-method is-config="true" signature="closeBrowser()[pri:0, instance:com.framework.leafScripts.TC_004_Leaf_SelectTool@4b520ea8]" started-at="2024-02-05T21:19:13 IST" name="closeBrowser" finished-at="2024-02-05T21:19:16 IST" duration-ms="3091" status="PASS">
          <reporter-output>
          </reporter-output>
        </test-method> <!-- closeBrowser -->
      </class> <!-- com.framework.leafScripts.TC_004_Leaf_SelectTool -->
    </test> <!-- TC_004_Leaf_SelectTool -->
  </suite> <!-- Leaf_SelectTool -->
</testng-results>
